  Tarea.cpp
D:\Stefany C\Estructuras de Datos\RepositorioGitHub\EDD20S1-201801182\Tareas\T4\[EDD]Tarea4_201801182\Tarea.cpp(116,23): warning C4018:  '<': no coinciden signed/unsigned
D:\Stefany C\Estructuras de Datos\RepositorioGitHub\EDD20S1-201801182\Tareas\T4\[EDD]Tarea4_201801182\Tarea.cpp(124): warning C4715:  'Lista::Buscar': no todas las rutas de acceso de control devuelven un valor
  [EDD]Tarea4_201801182.vcxproj -> D:\Stefany C\Estructuras de Datos\RepositorioGitHub\EDD20S1-201801182\Tareas\T4\[EDD]Tarea4_201801182\Debug\[EDD]Tarea4_201801182.exe
  Set-Content : No se puede encontrar una parte de la ruta de acceso 
  'C:\WINDOWS\SysWOW64\WindowsPowerShell\v1.0\Debug\vcpkg.applocal.log'.
  En D:\Downloads\LibreriasC++\vcpkg-master\scripts\buildsystems\msbuild\applocal.ps1: 12 Carácter: 5
  +     Set-Content -Path $copiedFilesLog -Value "" -Encoding UTF8
  +     ~~~~~~~~~~~~~~~~~~~~~~~~~~~~~~~~~~~~~~~~~~~~~~~~~~~~~~~~~~
      + CategoryInfo          : ObjectNotFound: (C:\WINDOWS\SysW...kg.applocal.log:String) [Set-Content], DirectoryNotFo 
     undException
      + FullyQualifiedErrorId : GetContentWriterDirectoryNotFoundError,Microsoft.PowerShell.Commands.SetContentCommand
   
  Split-Path : No se puede enlazar el argumento al parámetro 'Path' porque es nulo.
  En D:\Downloads\LibreriasC++\vcpkg-master\scripts\buildsystems\msbuild\applocal.ps1: 40 Carácter: 39
  +     $baseTargetBinaryDir = Split-Path $baseBinaryPath -parent
  +                                       ~~~~~~~~~~~~~~~
      + CategoryInfo          : InvalidData: (:) [Split-Path], ParameterBindingValidationException
      + FullyQualifiedErrorId : ParameterArgumentValidationErrorNullNotAllowed,Microsoft.PowerShell.Commands.SplitPathCo 
     mmand
   
  Split-Path : No se puede enlazar el argumento al parámetro 'Path' porque es nulo.
  En D:\Downloads\LibreriasC++\vcpkg-master\scripts\buildsystems\msbuild\applocal.ps1: 58 Carácter: 35
  +     $targetBinaryDir = Split-Path $targetBinaryPath -parent
  +                                   ~~~~~~~~~~~~~~~~~
      + CategoryInfo          : InvalidData: (:) [Split-Path], ParameterBindingValidationException
      + FullyQualifiedErrorId : ParameterArgumentValidationErrorNullNotAllowed,Microsoft.PowerShell.Commands.SplitPathCo 
     mmand
   
